  Table.cpp
c:\users\erik streithorst\documents\visual studio 2017\projects\freecellsim\freecellsim\table.cpp(10): warning C4244: 'argument': conversion from 'time_t' to 'unsigned int', possible loss of data
c:\users\erik streithorst\documents\visual studio 2017\projects\freecellsim\freecellsim\table.cpp(88): warning C4018: '<': signed/unsigned mismatch
c:\users\erik streithorst\documents\visual studio 2017\projects\freecellsim\freecellsim\table.cpp(91): warning C4018: '<': signed/unsigned mismatch
c:\users\erik streithorst\documents\visual studio 2017\projects\freecellsim\freecellsim\table.cpp(93): warning C4244: 'argument': conversion from 'unsigned __int64' to 'std::array<unsigned __int64,148>::size_type', possible loss of data
c:\users\erik streithorst\documents\visual studio 2017\projects\freecellsim\freecellsim\table.cpp(99): warning C4244: 'argument': conversion from 'unsigned __int64' to 'std::array<unsigned __int64,148>::size_type', possible loss of data
c:\users\erik streithorst\documents\visual studio 2017\projects\freecellsim\freecellsim\table.cpp(100): warning C4244: 'argument': conversion from 'unsigned __int64' to 'std::array<unsigned __int64,148>::size_type', possible loss of data
c:\users\erik streithorst\documents\visual studio 2017\projects\freecellsim\freecellsim\table.cpp(106): warning C4244: 'initializing': conversion from 'double' to 'int', possible loss of data
c:\users\erik streithorst\documents\visual studio 2017\projects\freecellsim\freecellsim\table.cpp(109): warning C4244: 'argument': conversion from 'unsigned __int64' to 'std::array<unsigned __int64,148>::size_type', possible loss of data
c:\users\erik streithorst\documents\visual studio 2017\projects\freecellsim\freecellsim\table.cpp(110): warning C4244: 'argument': conversion from 'unsigned __int64' to 'std::array<unsigned __int64,148>::size_type', possible loss of data
c:\users\erik streithorst\documents\visual studio 2017\projects\freecellsim\freecellsim\table.cpp(116): warning C4244: 'argument': conversion from 'unsigned __int64' to 'std::array<unsigned __int64,148>::size_type', possible loss of data
c:\users\erik streithorst\documents\visual studio 2017\projects\freecellsim\freecellsim\table.cpp(117): warning C4244: 'argument': conversion from 'unsigned __int64' to 'std::array<unsigned __int64,148>::size_type', possible loss of data
c:\program files (x86)\microsoft visual studio\2017\community\vc\tools\msvc\14.10.25017\include\utility(217): warning C4244: 'initializing': conversion from 'unsigned __int64' to 'int', possible loss of data
  c:\program files (x86)\microsoft visual studio\2017\community\vc\tools\msvc\14.10.25017\include\xmemory0(840): note: see reference to function template instantiation 'std::pair<int,int>::pair<int,unsigned __int64,void,0>(std::pair<int,unsigned __int64> &&) noexcept' being compiled
  c:\program files (x86)\microsoft visual studio\2017\community\vc\tools\msvc\14.10.25017\include\xmemory0(840): note: see reference to function template instantiation 'std::pair<int,int>::pair<int,unsigned __int64,void,0>(std::pair<int,unsigned __int64> &&) noexcept' being compiled
  c:\program files (x86)\microsoft visual studio\2017\community\vc\tools\msvc\14.10.25017\include\xmemory0(959): note: see reference to function template instantiation 'void std::allocator<_Ty>::construct<_Objty,std::pair<int,unsigned __int64>>(_Objty *,std::pair<int,unsigned __int64> &&)' being compiled
          with
          [
              _Ty=std::pair<int,int>,
              _Objty=std::pair<int,int>
          ]
  c:\program files (x86)\microsoft visual studio\2017\community\vc\tools\msvc\14.10.25017\include\xmemory0(959): note: see reference to function template instantiation 'void std::allocator<_Ty>::construct<_Objty,std::pair<int,unsigned __int64>>(_Objty *,std::pair<int,unsigned __int64> &&)' being compiled
          with
          [
              _Ty=std::pair<int,int>,
              _Objty=std::pair<int,int>
          ]
  c:\program files (x86)\microsoft visual studio\2017\community\vc\tools\msvc\14.10.25017\include\xmemory0(1097): note: see reference to function template instantiation 'void std::allocator_traits<_Alloc>::construct<_Ty,std::pair<int,unsigned __int64>>(std::allocator<_Ty> &,_Objty *,std::pair<int,unsigned __int64> &&)' being compiled
          with
          [
              _Alloc=std::allocator<std::pair<int,int>>,
              _Ty=std::pair<int,int>,
              _Objty=std::pair<int,int>
          ]
  c:\program files (x86)\microsoft visual studio\2017\community\vc\tools\msvc\14.10.25017\include\xmemory0(1096): note: see reference to function template instantiation 'void std::allocator_traits<_Alloc>::construct<_Ty,std::pair<int,unsigned __int64>>(std::allocator<_Ty> &,_Objty *,std::pair<int,unsigned __int64> &&)' being compiled
          with
          [
              _Alloc=std::allocator<std::pair<int,int>>,
              _Ty=std::pair<int,int>,
              _Objty=std::pair<int,int>
          ]
  c:\program files (x86)\microsoft visual studio\2017\community\vc\tools\msvc\14.10.25017\include\vector(928): note: see reference to function template instantiation 'void std::_Wrap_alloc<std::allocator<_Ty>>::construct<_Ty,std::pair<int,unsigned __int64>>(_Ty *,std::pair<int,unsigned __int64> &&)' being compiled
          with
          [
              _Ty=std::pair<int,int>
          ]
  c:\program files (x86)\microsoft visual studio\2017\community\vc\tools\msvc\14.10.25017\include\vector(928): note: see reference to function template instantiation 'void std::_Wrap_alloc<std::allocator<_Ty>>::construct<_Ty,std::pair<int,unsigned __int64>>(_Ty *,std::pair<int,unsigned __int64> &&)' being compiled
          with
          [
              _Ty=std::pair<int,int>
          ]
  c:\users\erik streithorst\documents\visual studio 2017\projects\freecellsim\freecellsim\table.cpp(111): note: see reference to function template instantiation 'void std::vector<std::pair<int,int>,std::allocator<_Ty>>::emplace_back<std::pair<int,unsigned __int64>>(std::pair<int,unsigned __int64> &&)' being compiled
          with
          [
              _Ty=std::pair<int,int>
          ]
  c:\users\erik streithorst\documents\visual studio 2017\projects\freecellsim\freecellsim\table.cpp(111): note: see reference to function template instantiation 'void std::vector<std::pair<int,int>,std::allocator<_Ty>>::emplace_back<std::pair<int,unsigned __int64>>(std::pair<int,unsigned __int64> &&)' being compiled
          with
          [
              _Ty=std::pair<int,int>
          ]
  Generating Code...
  Compiling...
  FreecellSim.cpp
  Generating Code...
  FreecellSim.vcxproj -> C:\Users\Erik Streithorst\documents\visual studio 2017\Projects\FreecellSim\Debug\FreecellSim.exe
  FreecellSim.vcxproj -> C:\Users\Erik Streithorst\documents\visual studio 2017\Projects\FreecellSim\Debug\FreecellSim.pdb (Partial PDB)
