  FreecellSim.cpp
  Table.cpp
D:\Erik Streithorst\Documenten\Visual Studio 2019\Projects\freecell-sim\FreecellSim\Table.cpp(15,12): warning C4244: 'argument': conversion from 'time_t' to 'unsigned int', possible loss of data
D:\Erik Streithorst\Documenten\Visual Studio 2019\Projects\freecell-sim\FreecellSim\Table.cpp(40,12): warning C4244: 'initializing': conversion from 'std::streamoff' to 'long', possible loss of data
D:\Erik Streithorst\Documenten\Visual Studio 2019\Projects\freecell-sim\FreecellSim\Table.cpp(45,51): warning C4311: 'reinterpret_cast': pointer truncation from 'char *' to 'int'
D:\Erik Streithorst\Documenten\Visual Studio 2019\Projects\freecell-sim\FreecellSim\Table.cpp(45,51): warning C4302: 'reinterpret_cast': truncation from 'char *' to 'int'
D:\Erik Streithorst\Documenten\Visual Studio 2019\Projects\freecell-sim\FreecellSim\Table.cpp(118,26): warning C4834: discarding return value of function with 'nodiscard' attribute
D:\Erik Streithorst\Documenten\Visual Studio 2019\Projects\freecell-sim\FreecellSim\Table.cpp(165,12): warning C4244: 'initializing': conversion from 'double' to 'int', possible loss of data
D:\Erik Streithorst\Documenten\Visual Studio 2019\Projects\freecell-sim\FreecellSim\Table.cpp(219,22): warning C4244: '=': conversion from 'double' to 'float', possible loss of data
D:\Erik Streithorst\Documenten\Visual Studio 2019\Projects\freecell-sim\FreecellSim\Table.cpp(225,52): warning C4244: 'argument': conversion from 'float' to 'const unsigned __int64', possible loss of data
D:\Erik Streithorst\Documenten\Visual Studio 2019\Projects\freecell-sim\FreecellSim\Table.cpp(225,96): warning C4244: 'argument': conversion from 'float' to 'const unsigned __int64', possible loss of data
D:\Erik Streithorst\Documenten\Visual Studio 2019\Projects\freecell-sim\FreecellSim\Table.cpp(226,50): warning C4244: 'argument': conversion from 'float' to 'const unsigned __int64', possible loss of data
D:\Erik Streithorst\Documenten\Visual Studio 2019\Projects\freecell-sim\FreecellSim\Table.cpp(226,88): warning C4244: 'argument': conversion from 'float' to 'const unsigned __int64', possible loss of data
D:\Erik Streithorst\Documenten\Visual Studio 2019\Projects\freecell-sim\FreecellSim\Table.cpp(227,32): warning C4244: 'argument': conversion from 'float' to 'const unsigned __int64', possible loss of data
D:\Erik Streithorst\Documenten\Visual Studio 2019\Projects\freecell-sim\FreecellSim\Table.cpp(270,49): warning C4293: '<<': shift count negative or too big, undefined behavior
  Generating code
  165 of 515 functions (32.0%) were compiled, the rest were copied from previous compilation.
    97 functions were new in current compilation
    47 functions had inline decision re-evaluated but remain unchanged
  Finished generating code
  FreecellSim.vcxproj -> D:\Erik Streithorst\Documenten\Visual Studio 2019\Projects\freecell-sim\x64\Release\FreecellSim.exe
