d:\erik streithorst\documenten\visual studio 2019\projects\freecell-sim\freecellsim\x64\debug\freecellsim.pch
d:\erik streithorst\documenten\visual studio 2019\projects\freecell-sim\freecellsim\x64\debug\vc142.pdb
d:\erik streithorst\documenten\visual studio 2019\projects\freecell-sim\freecellsim\x64\debug\vc142.idb
d:\erik streithorst\documenten\visual studio 2019\projects\freecell-sim\freecellsim\x64\debug\stdafx.obj
d:\erik streithorst\documenten\visual studio 2019\projects\freecell-sim\freecellsim\x64\debug\table.obj
d:\erik streithorst\documenten\visual studio 2019\projects\freecell-sim\freecellsim\x64\debug\freecellsim.obj
c:\users\erik streithorst\documents\visual studio 2017\projects\freecellsim\x64\debug\freecellsim.ilk
c:\users\erik streithorst\documents\visual studio 2017\projects\freecellsim\x64\debug\freecellsim.exe
c:\users\erik streithorst\documents\visual studio 2017\projects\freecellsim\x64\debug\freecellsim.pdb
d:\erik streithorst\documenten\visual studio 2017\projects\freecellsim\x64\debug\freecellsim.ilk
d:\erik streithorst\documenten\visual studio 2017\projects\freecellsim\x64\debug\freecellsim.exe
d:\erik streithorst\documenten\visual studio 2017\projects\freecellsim\x64\debug\freecellsim.pdb
d:\erik streithorst\documenten\visual studio 2017\projects\freecell-sim\x64\debug\freecellsim.ilk
d:\erik streithorst\documenten\visual studio 2017\projects\freecell-sim\x64\debug\freecellsim.exe
d:\erik streithorst\documenten\visual studio 2017\projects\freecell-sim\x64\debug\freecellsim.pdb
d:\erik streithorst\documenten\visual studio 2019\projects\freecell-sim\x64\debug\freecellsim.ilk
d:\erik streithorst\documenten\visual studio 2019\projects\freecell-sim\x64\debug\freecellsim.exe
d:\erik streithorst\documenten\visual studio 2019\projects\freecell-sim\x64\debug\freecellsim.pdb
d:\erik streithorst\documenten\visual studio 2019\projects\freecell-sim\freecellsim\x64\debug\table.obj.enc
d:\erik streithorst\documenten\visual studio 2019\projects\freecell-sim\freecellsim\x64\debug\vc141.idb
d:\erik streithorst\documenten\visual studio 2019\projects\freecell-sim\freecellsim\x64\debug\vc141.pdb
d:\erik streithorst\documenten\visual studio 2019\projects\freecell-sim\freecellsim\x64\debug\freecellsim.tlog\cl.command.1.tlog
d:\erik streithorst\documenten\visual studio 2019\projects\freecell-sim\freecellsim\x64\debug\freecellsim.tlog\cl.read.1.tlog
d:\erik streithorst\documenten\visual studio 2019\projects\freecell-sim\freecellsim\x64\debug\freecellsim.tlog\cl.write.1.tlog
d:\erik streithorst\documenten\visual studio 2019\projects\freecell-sim\freecellsim\x64\debug\freecellsim.tlog\link.command.1.tlog
d:\erik streithorst\documenten\visual studio 2019\projects\freecell-sim\freecellsim\x64\debug\freecellsim.tlog\link.read.1.tlog
d:\erik streithorst\documenten\visual studio 2019\projects\freecell-sim\freecellsim\x64\debug\freecellsim.tlog\link.write.1.tlog
